[2022-06-24 21:44:37] laravel.EMERGENCY: Unable to create configured logger. Using emergency logger. {"exception":"[object] (InvalidArgumentException(code: 0): Log [] is not defined. at /Users/user/Documents/Work/PhynixMediaLtd/clean_laravel_project/vendor/laravel/framework/src/Illuminate/Log/LogManager.php:192)
[stacktrace]
#0 /Users/user/Documents/Work/PhynixMediaLtd/clean_laravel_project/vendor/laravel/framework/src/Illuminate/Log/LogManager.php(118): Illuminate\\Log\\LogManager->resolve(NULL)
#1 /Users/user/Documents/Work/PhynixMediaLtd/clean_laravel_project/vendor/laravel/framework/src/Illuminate/Log/LogManager.php(98): Illuminate\\Log\\LogManager->get(NULL)
#2 /Users/user/Documents/Work/PhynixMediaLtd/clean_laravel_project/vendor/laravel/framework/src/Illuminate/Log/LogManager.php(543): Illuminate\\Log\\LogManager->driver()
#3 /Users/user/Documents/Work/PhynixMediaLtd/clean_laravel_project/vendor/laravel/framework/src/Illuminate/Foundation/Exceptions/Handler.php(124): Illuminate\\Log\\LogManager->error('syntax error, u...', Array)
#4 /Users/user/Documents/Work/PhynixMediaLtd/clean_laravel_project/app/Exceptions/Handler.php(38): Illuminate\\Foundation\\Exceptions\\Handler->report(Object(Symfony\\Component\\Debug\\Exception\\FatalThrowableError))
#5 /Users/user/Documents/Work/PhynixMediaLtd/clean_laravel_project/vendor/laravel/framework/src/Illuminate/Foundation/Console/Kernel.php(376): App\\Exceptions\\Handler->report(Object(Symfony\\Component\\Debug\\Exception\\FatalThrowableError))
#6 /Users/user/Documents/Work/PhynixMediaLtd/clean_laravel_project/vendor/laravel/framework/src/Illuminate/Foundation/Console/Kernel.php(141): Illuminate\\Foundation\\Console\\Kernel->reportException(Object(Symfony\\Component\\Debug\\Exception\\FatalThrowableError))
#7 /Users/user/Documents/Work/PhynixMediaLtd/clean_laravel_project/artisan(37): Illuminate\\Foundation\\Console\\Kernel->handle(Object(Symfony\\Component\\Console\\Input\\ArgvInput), Object(Symfony\\Component\\Console\\Output\\ConsoleOutput))
#8 {main}
"} 
[2022-06-24 21:44:37] laravel.ERROR: syntax error, unexpected ']', expecting identifier (T_STRING) {"exception":"[object] (Symfony\\Component\\Debug\\Exception\\FatalThrowableError(code: 0): syntax error, unexpected ']', expecting identifier (T_STRING) at /Users/user/Documents/Work/PhynixMediaLtd/clean_laravel_project/config/app.php:177)
[stacktrace]
#0 /Users/user/Documents/Work/PhynixMediaLtd/clean_laravel_project/vendor/laravel/framework/src/Illuminate/Foundation/Bootstrap/LoadConfiguration.php(39): Illuminate\\Foundation\\Bootstrap\\LoadConfiguration->loadConfigurationFiles(Object(Illuminate\\Foundation\\Application), Object(Illuminate\\Config\\Repository))
#1 /Users/user/Documents/Work/PhynixMediaLtd/clean_laravel_project/vendor/laravel/framework/src/Illuminate/Foundation/Application.php(219): Illuminate\\Foundation\\Bootstrap\\LoadConfiguration->bootstrap(Object(Illuminate\\Foundation\\Application))
#2 /Users/user/Documents/Work/PhynixMediaLtd/clean_laravel_project/vendor/laravel/framework/src/Illuminate/Foundation/Console/Kernel.php(320): Illuminate\\Foundation\\Application->bootstrapWith(Array)
#3 /Users/user/Documents/Work/PhynixMediaLtd/clean_laravel_project/vendor/laravel/framework/src/Illuminate/Foundation/Console/Kernel.php(129): Illuminate\\Foundation\\Console\\Kernel->bootstrap()
#4 /Users/user/Documents/Work/PhynixMediaLtd/clean_laravel_project/artisan(37): Illuminate\\Foundation\\Console\\Kernel->handle(Object(Symfony\\Component\\Console\\Input\\ArgvInput), Object(Symfony\\Component\\Console\\Output\\ConsoleOutput))
#5 {main}
"} 
[2022-06-24 21:44:40] laravel.EMERGENCY: Unable to create configured logger. Using emergency logger. {"exception":"[object] (InvalidArgumentException(code: 0): Log [] is not defined. at /Users/user/Documents/Work/PhynixMediaLtd/clean_laravel_project/vendor/laravel/framework/src/Illuminate/Log/LogManager.php:192)
[stacktrace]
#0 /Users/user/Documents/Work/PhynixMediaLtd/clean_laravel_project/vendor/laravel/framework/src/Illuminate/Log/LogManager.php(118): Illuminate\\Log\\LogManager->resolve(NULL)
#1 /Users/user/Documents/Work/PhynixMediaLtd/clean_laravel_project/vendor/laravel/framework/src/Illuminate/Log/LogManager.php(98): Illuminate\\Log\\LogManager->get(NULL)
#2 /Users/user/Documents/Work/PhynixMediaLtd/clean_laravel_project/vendor/laravel/framework/src/Illuminate/Log/LogManager.php(543): Illuminate\\Log\\LogManager->driver()
#3 /Users/user/Documents/Work/PhynixMediaLtd/clean_laravel_project/vendor/laravel/framework/src/Illuminate/Foundation/Exceptions/Handler.php(124): Illuminate\\Log\\LogManager->error('Undefined const...', Array)
#4 /Users/user/Documents/Work/PhynixMediaLtd/clean_laravel_project/app/Exceptions/Handler.php(38): Illuminate\\Foundation\\Exceptions\\Handler->report(Object(Symfony\\Component\\Debug\\Exception\\FatalThrowableError))
#5 /Users/user/Documents/Work/PhynixMediaLtd/clean_laravel_project/vendor/laravel/framework/src/Illuminate/Foundation/Console/Kernel.php(376): App\\Exceptions\\Handler->report(Object(Symfony\\Component\\Debug\\Exception\\FatalThrowableError))
#6 /Users/user/Documents/Work/PhynixMediaLtd/clean_laravel_project/vendor/laravel/framework/src/Illuminate/Foundation/Console/Kernel.php(141): Illuminate\\Foundation\\Console\\Kernel->reportException(Object(Symfony\\Component\\Debug\\Exception\\FatalThrowableError))
#7 /Users/user/Documents/Work/PhynixMediaLtd/clean_laravel_project/artisan(37): Illuminate\\Foundation\\Console\\Kernel->handle(Object(Symfony\\Component\\Console\\Input\\ArgvInput), Object(Symfony\\Component\\Console\\Output\\ConsoleOutput))
#8 {main}
"} 
[2022-06-24 21:44:40] laravel.ERROR: Undefined constant 'Web\App' {"exception":"[object] (Symfony\\Component\\Debug\\Exception\\FatalThrowableError(code: 0): Undefined constant 'Web\\App' at /Users/user/Documents/Work/PhynixMediaLtd/clean_laravel_project/config/app.php:175)
[stacktrace]
#0 /Users/user/Documents/Work/PhynixMediaLtd/clean_laravel_project/vendor/laravel/framework/src/Illuminate/Foundation/Bootstrap/LoadConfiguration.php(72): require()
#1 /Users/user/Documents/Work/PhynixMediaLtd/clean_laravel_project/vendor/laravel/framework/src/Illuminate/Foundation/Bootstrap/LoadConfiguration.php(39): Illuminate\\Foundation\\Bootstrap\\LoadConfiguration->loadConfigurationFiles(Object(Illuminate\\Foundation\\Application), Object(Illuminate\\Config\\Repository))
#2 /Users/user/Documents/Work/PhynixMediaLtd/clean_laravel_project/vendor/laravel/framework/src/Illuminate/Foundation/Application.php(219): Illuminate\\Foundation\\Bootstrap\\LoadConfiguration->bootstrap(Object(Illuminate\\Foundation\\Application))
#3 /Users/user/Documents/Work/PhynixMediaLtd/clean_laravel_project/vendor/laravel/framework/src/Illuminate/Foundation/Console/Kernel.php(320): Illuminate\\Foundation\\Application->bootstrapWith(Array)
#4 /Users/user/Documents/Work/PhynixMediaLtd/clean_laravel_project/vendor/laravel/framework/src/Illuminate/Foundation/Console/Kernel.php(129): Illuminate\\Foundation\\Console\\Kernel->bootstrap()
#5 /Users/user/Documents/Work/PhynixMediaLtd/clean_laravel_project/artisan(37): Illuminate\\Foundation\\Console\\Kernel->handle(Object(Symfony\\Component\\Console\\Input\\ArgvInput), Object(Symfony\\Component\\Console\\Output\\ConsoleOutput))
#6 {main}
"} 
[2022-06-24 21:44:41] laravel.EMERGENCY: Unable to create configured logger. Using emergency logger. {"exception":"[object] (InvalidArgumentException(code: 0): Log [] is not defined. at /Users/user/Documents/Work/PhynixMediaLtd/clean_laravel_project/vendor/laravel/framework/src/Illuminate/Log/LogManager.php:192)
[stacktrace]
#0 /Users/user/Documents/Work/PhynixMediaLtd/clean_laravel_project/vendor/laravel/framework/src/Illuminate/Log/LogManager.php(118): Illuminate\\Log\\LogManager->resolve(NULL)
#1 /Users/user/Documents/Work/PhynixMediaLtd/clean_laravel_project/vendor/laravel/framework/src/Illuminate/Log/LogManager.php(98): Illuminate\\Log\\LogManager->get(NULL)
#2 /Users/user/Documents/Work/PhynixMediaLtd/clean_laravel_project/vendor/laravel/framework/src/Illuminate/Log/LogManager.php(543): Illuminate\\Log\\LogManager->driver()
#3 /Users/user/Documents/Work/PhynixMediaLtd/clean_laravel_project/vendor/laravel/framework/src/Illuminate/Foundation/Exceptions/Handler.php(124): Illuminate\\Log\\LogManager->error('Undefined const...', Array)
#4 /Users/user/Documents/Work/PhynixMediaLtd/clean_laravel_project/app/Exceptions/Handler.php(38): Illuminate\\Foundation\\Exceptions\\Handler->report(Object(Symfony\\Component\\Debug\\Exception\\FatalThrowableError))
#5 /Users/user/Documents/Work/PhynixMediaLtd/clean_laravel_project/vendor/laravel/framework/src/Illuminate/Foundation/Console/Kernel.php(376): App\\Exceptions\\Handler->report(Object(Symfony\\Component\\Debug\\Exception\\FatalThrowableError))
#6 /Users/user/Documents/Work/PhynixMediaLtd/clean_laravel_project/vendor/laravel/framework/src/Illuminate/Foundation/Console/Kernel.php(141): Illuminate\\Foundation\\Console\\Kernel->reportException(Object(Symfony\\Component\\Debug\\Exception\\FatalThrowableError))
#7 /Users/user/Documents/Work/PhynixMediaLtd/clean_laravel_project/artisan(37): Illuminate\\Foundation\\Console\\Kernel->handle(Object(Symfony\\Component\\Console\\Input\\ArgvInput), Object(Symfony\\Component\\Console\\Output\\ConsoleOutput))
#8 {main}
"} 
[2022-06-24 21:44:41] laravel.ERROR: Undefined constant 'Web\App' {"exception":"[object] (Symfony\\Component\\Debug\\Exception\\FatalThrowableError(code: 0): Undefined constant 'Web\\App' at /Users/user/Documents/Work/PhynixMediaLtd/clean_laravel_project/config/app.php:175)
[stacktrace]
#0 /Users/user/Documents/Work/PhynixMediaLtd/clean_laravel_project/vendor/laravel/framework/src/Illuminate/Foundation/Bootstrap/LoadConfiguration.php(72): require()
#1 /Users/user/Documents/Work/PhynixMediaLtd/clean_laravel_project/vendor/laravel/framework/src/Illuminate/Foundation/Bootstrap/LoadConfiguration.php(39): Illuminate\\Foundation\\Bootstrap\\LoadConfiguration->loadConfigurationFiles(Object(Illuminate\\Foundation\\Application), Object(Illuminate\\Config\\Repository))
#2 /Users/user/Documents/Work/PhynixMediaLtd/clean_laravel_project/vendor/laravel/framework/src/Illuminate/Foundation/Application.php(219): Illuminate\\Foundation\\Bootstrap\\LoadConfiguration->bootstrap(Object(Illuminate\\Foundation\\Application))
#3 /Users/user/Documents/Work/PhynixMediaLtd/clean_laravel_project/vendor/laravel/framework/src/Illuminate/Foundation/Console/Kernel.php(320): Illuminate\\Foundation\\Application->bootstrapWith(Array)
#4 /Users/user/Documents/Work/PhynixMediaLtd/clean_laravel_project/vendor/laravel/framework/src/Illuminate/Foundation/Console/Kernel.php(129): Illuminate\\Foundation\\Console\\Kernel->bootstrap()
#5 /Users/user/Documents/Work/PhynixMediaLtd/clean_laravel_project/artisan(37): Illuminate\\Foundation\\Console\\Kernel->handle(Object(Symfony\\Component\\Console\\Input\\ArgvInput), Object(Symfony\\Component\\Console\\Output\\ConsoleOutput))
#6 {main}
"} 
[2022-06-24 21:44:42] laravel.EMERGENCY: Unable to create configured logger. Using emergency logger. {"exception":"[object] (InvalidArgumentException(code: 0): Log [] is not defined. at /Users/user/Documents/Work/PhynixMediaLtd/clean_laravel_project/vendor/laravel/framework/src/Illuminate/Log/LogManager.php:192)
[stacktrace]
#0 /Users/user/Documents/Work/PhynixMediaLtd/clean_laravel_project/vendor/laravel/framework/src/Illuminate/Log/LogManager.php(118): Illuminate\\Log\\LogManager->resolve(NULL)
#1 /Users/user/Documents/Work/PhynixMediaLtd/clean_laravel_project/vendor/laravel/framework/src/Illuminate/Log/LogManager.php(98): Illuminate\\Log\\LogManager->get(NULL)
#2 /Users/user/Documents/Work/PhynixMediaLtd/clean_laravel_project/vendor/laravel/framework/src/Illuminate/Log/LogManager.php(543): Illuminate\\Log\\LogManager->driver()
#3 /Users/user/Documents/Work/PhynixMediaLtd/clean_laravel_project/vendor/laravel/framework/src/Illuminate/Foundation/Exceptions/Handler.php(124): Illuminate\\Log\\LogManager->error('syntax error, u...', Array)
#4 /Users/user/Documents/Work/PhynixMediaLtd/clean_laravel_project/app/Exceptions/Handler.php(38): Illuminate\\Foundation\\Exceptions\\Handler->report(Object(Symfony\\Component\\Debug\\Exception\\FatalThrowableError))
#5 /Users/user/Documents/Work/PhynixMediaLtd/clean_laravel_project/vendor/laravel/framework/src/Illuminate/Foundation/Console/Kernel.php(376): App\\Exceptions\\Handler->report(Object(Symfony\\Component\\Debug\\Exception\\FatalThrowableError))
#6 /Users/user/Documents/Work/PhynixMediaLtd/clean_laravel_project/vendor/laravel/framework/src/Illuminate/Foundation/Console/Kernel.php(141): Illuminate\\Foundation\\Console\\Kernel->reportException(Object(Symfony\\Component\\Debug\\Exception\\FatalThrowableError))
#7 /Users/user/Documents/Work/PhynixMediaLtd/clean_laravel_project/artisan(37): Illuminate\\Foundation\\Console\\Kernel->handle(Object(Symfony\\Component\\Console\\Input\\ArgvInput), Object(Symfony\\Component\\Console\\Output\\ConsoleOutput))
#8 {main}
"} 
[2022-06-24 21:44:42] laravel.ERROR: syntax error, unexpected ']', expecting identifier (T_STRING) {"exception":"[object] (Symfony\\Component\\Debug\\Exception\\FatalThrowableError(code: 0): syntax error, unexpected ']', expecting identifier (T_STRING) at /Users/user/Documents/Work/PhynixMediaLtd/clean_laravel_project/config/app.php:177)
[stacktrace]
#0 /Users/user/Documents/Work/PhynixMediaLtd/clean_laravel_project/vendor/laravel/framework/src/Illuminate/Foundation/Bootstrap/LoadConfiguration.php(39): Illuminate\\Foundation\\Bootstrap\\LoadConfiguration->loadConfigurationFiles(Object(Illuminate\\Foundation\\Application), Object(Illuminate\\Config\\Repository))
#1 /Users/user/Documents/Work/PhynixMediaLtd/clean_laravel_project/vendor/laravel/framework/src/Illuminate/Foundation/Application.php(219): Illuminate\\Foundation\\Bootstrap\\LoadConfiguration->bootstrap(Object(Illuminate\\Foundation\\Application))
#2 /Users/user/Documents/Work/PhynixMediaLtd/clean_laravel_project/vendor/laravel/framework/src/Illuminate/Foundation/Console/Kernel.php(320): Illuminate\\Foundation\\Application->bootstrapWith(Array)
#3 /Users/user/Documents/Work/PhynixMediaLtd/clean_laravel_project/vendor/laravel/framework/src/Illuminate/Foundation/Console/Kernel.php(129): Illuminate\\Foundation\\Console\\Kernel->bootstrap()
#4 /Users/user/Documents/Work/PhynixMediaLtd/clean_laravel_project/artisan(37): Illuminate\\Foundation\\Console\\Kernel->handle(Object(Symfony\\Component\\Console\\Input\\ArgvInput), Object(Symfony\\Component\\Console\\Output\\ConsoleOutput))
#5 {main}
"} 
[2022-06-24 21:44:44] laravel.EMERGENCY: Unable to create configured logger. Using emergency logger. {"exception":"[object] (InvalidArgumentException(code: 0): Log [] is not defined. at /Users/user/Documents/Work/PhynixMediaLtd/clean_laravel_project/vendor/laravel/framework/src/Illuminate/Log/LogManager.php:192)
[stacktrace]
#0 /Users/user/Documents/Work/PhynixMediaLtd/clean_laravel_project/vendor/laravel/framework/src/Illuminate/Log/LogManager.php(118): Illuminate\\Log\\LogManager->resolve(NULL)
#1 /Users/user/Documents/Work/PhynixMediaLtd/clean_laravel_project/vendor/laravel/framework/src/Illuminate/Log/LogManager.php(98): Illuminate\\Log\\LogManager->get(NULL)
#2 /Users/user/Documents/Work/PhynixMediaLtd/clean_laravel_project/vendor/laravel/framework/src/Illuminate/Log/LogManager.php(543): Illuminate\\Log\\LogManager->driver()
#3 /Users/user/Documents/Work/PhynixMediaLtd/clean_laravel_project/vendor/laravel/framework/src/Illuminate/Foundation/Exceptions/Handler.php(124): Illuminate\\Log\\LogManager->error('Undefined const...', Array)
#4 /Users/user/Documents/Work/PhynixMediaLtd/clean_laravel_project/app/Exceptions/Handler.php(38): Illuminate\\Foundation\\Exceptions\\Handler->report(Object(Symfony\\Component\\Debug\\Exception\\FatalThrowableError))
#5 /Users/user/Documents/Work/PhynixMediaLtd/clean_laravel_project/vendor/laravel/framework/src/Illuminate/Foundation/Console/Kernel.php(376): App\\Exceptions\\Handler->report(Object(Symfony\\Component\\Debug\\Exception\\FatalThrowableError))
#6 /Users/user/Documents/Work/PhynixMediaLtd/clean_laravel_project/vendor/laravel/framework/src/Illuminate/Foundation/Console/Kernel.php(141): Illuminate\\Foundation\\Console\\Kernel->reportException(Object(Symfony\\Component\\Debug\\Exception\\FatalThrowableError))
#7 /Users/user/Documents/Work/PhynixMediaLtd/clean_laravel_project/artisan(37): Illuminate\\Foundation\\Console\\Kernel->handle(Object(Symfony\\Component\\Console\\Input\\ArgvInput), Object(Symfony\\Component\\Console\\Output\\ConsoleOutput))
#8 {main}
"} 
[2022-06-24 21:44:44] laravel.ERROR: Undefined constant 'Web\App\We' {"exception":"[object] (Symfony\\Component\\Debug\\Exception\\FatalThrowableError(code: 0): Undefined constant 'Web\\App\\We' at /Users/user/Documents/Work/PhynixMediaLtd/clean_laravel_project/config/app.php:175)
[stacktrace]
#0 /Users/user/Documents/Work/PhynixMediaLtd/clean_laravel_project/vendor/laravel/framework/src/Illuminate/Foundation/Bootstrap/LoadConfiguration.php(72): require()
#1 /Users/user/Documents/Work/PhynixMediaLtd/clean_laravel_project/vendor/laravel/framework/src/Illuminate/Foundation/Bootstrap/LoadConfiguration.php(39): Illuminate\\Foundation\\Bootstrap\\LoadConfiguration->loadConfigurationFiles(Object(Illuminate\\Foundation\\Application), Object(Illuminate\\Config\\Repository))
#2 /Users/user/Documents/Work/PhynixMediaLtd/clean_laravel_project/vendor/laravel/framework/src/Illuminate/Foundation/Application.php(219): Illuminate\\Foundation\\Bootstrap\\LoadConfiguration->bootstrap(Object(Illuminate\\Foundation\\Application))
#3 /Users/user/Documents/Work/PhynixMediaLtd/clean_laravel_project/vendor/laravel/framework/src/Illuminate/Foundation/Console/Kernel.php(320): Illuminate\\Foundation\\Application->bootstrapWith(Array)
#4 /Users/user/Documents/Work/PhynixMediaLtd/clean_laravel_project/vendor/laravel/framework/src/Illuminate/Foundation/Console/Kernel.php(129): Illuminate\\Foundation\\Console\\Kernel->bootstrap()
#5 /Users/user/Documents/Work/PhynixMediaLtd/clean_laravel_project/artisan(37): Illuminate\\Foundation\\Console\\Kernel->handle(Object(Symfony\\Component\\Console\\Input\\ArgvInput), Object(Symfony\\Component\\Console\\Output\\ConsoleOutput))
#6 {main}
"} 
[2022-06-24 21:44:45] laravel.EMERGENCY: Unable to create configured logger. Using emergency logger. {"exception":"[object] (InvalidArgumentException(code: 0): Log [] is not defined. at /Users/user/Documents/Work/PhynixMediaLtd/clean_laravel_project/vendor/laravel/framework/src/Illuminate/Log/LogManager.php:192)
[stacktrace]
#0 /Users/user/Documents/Work/PhynixMediaLtd/clean_laravel_project/vendor/laravel/framework/src/Illuminate/Log/LogManager.php(118): Illuminate\\Log\\LogManager->resolve(NULL)
#1 /Users/user/Documents/Work/PhynixMediaLtd/clean_laravel_project/vendor/laravel/framework/src/Illuminate/Log/LogManager.php(98): Illuminate\\Log\\LogManager->get(NULL)
#2 /Users/user/Documents/Work/PhynixMediaLtd/clean_laravel_project/vendor/laravel/framework/src/Illuminate/Log/LogManager.php(543): Illuminate\\Log\\LogManager->driver()
#3 /Users/user/Documents/Work/PhynixMediaLtd/clean_laravel_project/vendor/laravel/framework/src/Illuminate/Foundation/Exceptions/Handler.php(124): Illuminate\\Log\\LogManager->error('Undefined const...', Array)
#4 /Users/user/Documents/Work/PhynixMediaLtd/clean_laravel_project/app/Exceptions/Handler.php(38): Illuminate\\Foundation\\Exceptions\\Handler->report(Object(Symfony\\Component\\Debug\\Exception\\FatalThrowableError))
#5 /Users/user/Documents/Work/PhynixMediaLtd/clean_laravel_project/vendor/laravel/framework/src/Illuminate/Foundation/Console/Kernel.php(376): App\\Exceptions\\Handler->report(Object(Symfony\\Component\\Debug\\Exception\\FatalThrowableError))
#6 /Users/user/Documents/Work/PhynixMediaLtd/clean_laravel_project/vendor/laravel/framework/src/Illuminate/Foundation/Console/Kernel.php(141): Illuminate\\Foundation\\Console\\Kernel->reportException(Object(Symfony\\Component\\Debug\\Exception\\FatalThrowableError))
#7 /Users/user/Documents/Work/PhynixMediaLtd/clean_laravel_project/artisan(37): Illuminate\\Foundation\\Console\\Kernel->handle(Object(Symfony\\Component\\Console\\Input\\ArgvInput), Object(Symfony\\Component\\Console\\Output\\ConsoleOutput))
#8 {main}
"} 
[2022-06-24 21:44:45] laravel.ERROR: Undefined constant 'Web\App\WebServiceProvider' {"exception":"[object] (Symfony\\Component\\Debug\\Exception\\FatalThrowableError(code: 0): Undefined constant 'Web\\App\\WebServiceProvider' at /Users/user/Documents/Work/PhynixMediaLtd/clean_laravel_project/config/app.php:175)
[stacktrace]
#0 /Users/user/Documents/Work/PhynixMediaLtd/clean_laravel_project/vendor/laravel/framework/src/Illuminate/Foundation/Bootstrap/LoadConfiguration.php(72): require()
#1 /Users/user/Documents/Work/PhynixMediaLtd/clean_laravel_project/vendor/laravel/framework/src/Illuminate/Foundation/Bootstrap/LoadConfiguration.php(39): Illuminate\\Foundation\\Bootstrap\\LoadConfiguration->loadConfigurationFiles(Object(Illuminate\\Foundation\\Application), Object(Illuminate\\Config\\Repository))
#2 /Users/user/Documents/Work/PhynixMediaLtd/clean_laravel_project/vendor/laravel/framework/src/Illuminate/Foundation/Application.php(219): Illuminate\\Foundation\\Bootstrap\\LoadConfiguration->bootstrap(Object(Illuminate\\Foundation\\Application))
#3 /Users/user/Documents/Work/PhynixMediaLtd/clean_laravel_project/vendor/laravel/framework/src/Illuminate/Foundation/Console/Kernel.php(320): Illuminate\\Foundation\\Application->bootstrapWith(Array)
#4 /Users/user/Documents/Work/PhynixMediaLtd/clean_laravel_project/vendor/laravel/framework/src/Illuminate/Foundation/Console/Kernel.php(129): Illuminate\\Foundation\\Console\\Kernel->bootstrap()
#5 /Users/user/Documents/Work/PhynixMediaLtd/clean_laravel_project/artisan(37): Illuminate\\Foundation\\Console\\Kernel->handle(Object(Symfony\\Component\\Console\\Input\\ArgvInput), Object(Symfony\\Component\\Console\\Output\\ConsoleOutput))
#6 {main}
"} 
